<?xml version="1.0" encoding="UTF-8"?>
<!-- Generated by org.testng.reporters.JUnitReportReporter -->
<testsuite ignored="0" hostname="Roberto" failures="0" tests="1" name="Testing.Test_Selenium" time="4.320" errors="0" timestamp="03 ago 2024 02:57:11 GMT" skipped="0">
  <testcase classname="Testing.Test_Selenium" name="f" time="4.320"/>
</testsuite> <!-- Testing.Test_Selenium -->
